# JRE version: Java(TM) SE Runtime Environment (8.0_65-b17) (build 1.8.0_65-b17)
# Java VM: Java HotSpot(TM) 64-Bit Server VM (25.65-b01 mixed mode windows-amd64 compressed oops)
Heap:
 PSYoungGen      total 175616K, used 98648K [0x000000076b600000, 0x0000000778e80000, 0x00000007c0000000)
  eden space 164352K, 60% used [0x000000076b600000,0x00000007716560a0,0x0000000775680000)
  from space 11264K, 0% used [0x0000000776180000,0x0000000776180000,0x0000000776c80000)
  to   space 11264K, 0% used [0x0000000775680000,0x0000000775680000,0x0000000776180000)
 ParOldGen       total 154112K, used 13728K [0x00000006c2200000, 0x00000006cb880000, 0x000000076b600000)
  object space 154112K, 8% used [0x00000006c2200000,0x00000006c2f682e8,0x00000006cb880000)
 Metaspace       used 39553K, capacity 41532K, committed 41768K, reserved 1085440K
  class space    used 5287K, capacity 5641K, committed 5680K, reserved 1048576K
GC Heap History (10 events):
Event: 2.371 GC heap before
{Heap before GC invocations=4 (full 1):
 PSYoungGen      total 75776K, used 8739K [0x000000076b600000, 0x0000000774a00000, 0x00000007c0000000)
  eden space 65024K, 0% used [0x000000076b600000,0x000000076b600000,0x000000076f580000)
  from space 10752K, 81% used [0x000000076f580000,0x000000076fe08c38,0x0000000770000000)
  to   space 10752K, 0% used [0x0000000773f80000,0x0000000773f80000,0x0000000774a00000)
 ParOldGen       total 173568K, used 24K [0x00000006c2200000, 0x00000006ccb80000, 0x000000076b600000)
  object space 173568K, 0% used [0x00000006c2200000,0x00000006c2206000,0x00000006ccb80000)
 Metaspace       used 20562K, capacity 21178K, committed 21296K, reserved 1067008K
  class space    used 2668K, capacity 2838K, committed 2864K, reserved 1048576K
Event: 2.393 GC heap after
Heap after GC invocations=4 (full 1):
 PSYoungGen      total 75776K, used 0K [0x000000076b600000, 0x0000000774a00000, 0x00000007c0000000)
  eden space 65024K, 0% used [0x000000076b600000,0x000000076b600000,0x000000076f580000)
  from space 10752K, 0% used [0x000000076f580000,0x000000076f580000,0x0000000770000000)
  to   space 10752K, 0% used [0x0000000773f80000,0x0000000773f80000,0x0000000774a00000)
 ParOldGen       total 101376K, used 8469K [0x00000006c2200000, 0x00000006c8500000, 0x000000076b600000)
  object space 101376K, 8% used [0x00000006c2200000,0x00000006c2a45740,0x00000006c8500000)
 Metaspace       used 20562K, capacity 21178K, committed 21296K, reserved 1067008K
  class space    used 2668K, capacity 2838K, committed 2864K, reserved 1048576K
}
Event: 2.804 GC heap before
{Heap before GC invocations=5 (full 1):
 PSYoungGen      total 75776K, used 65024K [0x000000076b600000, 0x0000000774a00000, 0x00000007c0000000)
  eden space 65024K, 100% used [0x000000076b600000,0x000000076f580000,0x000000076f580000)
  from space 10752K, 0% used [0x000000076f580000,0x000000076f580000,0x0000000770000000)
  to   space 10752K, 0% used [0x0000000773f80000,0x0000000773f80000,0x0000000774a00000)
 ParOldGen       total 101376K, used 8469K [0x00000006c2200000, 0x00000006c8500000, 0x000000076b600000)
  object space 101376K, 8% used [0x00000006c2200000,0x00000006c2a45740,0x00000006c8500000)
 Metaspace       used 25868K, capacity 26692K, committed 26928K, reserved 1073152K
  class space    used 3322K, capacity 3539K, committed 3632K, reserved 1048576K
Event: 2.811 GC heap after
Heap after GC invocations=5 (full 1):
 PSYoungGen      total 111104K, used 7015K [0x000000076b600000, 0x0000000774680000, 0x00000007c0000000)
  eden space 103936K, 0% used [0x000000076b600000,0x000000076b600000,0x0000000771b80000)
  from space 7168K, 97% used [0x0000000773f80000,0x0000000774659ce8,0x0000000774680000)
  to   space 10752K, 0% used [0x0000000773180000,0x0000000773180000,0x0000000773c00000)
 ParOldGen       total 101376K, used 8477K [0x00000006c2200000, 0x00000006c8500000, 0x000000076b600000)
  object space 101376K, 8% used [0x00000006c2200000,0x00000006c2a47740,0x00000006c8500000)
 Metaspace       used 25868K, capacity 26692K, committed 26928K, reserved 1073152K
  class space    used 3322K, capacity 3539K, committed 3632K, reserved 1048576K
}
Event: 3.703 GC heap before
{Heap before GC invocations=6 (full 1):
 PSYoungGen      total 111104K, used 110951K [0x000000076b600000, 0x0000000774680000, 0x00000007c0000000)
  eden space 103936K, 100% used [0x000000076b600000,0x0000000771b80000,0x0000000771b80000)
  from space 7168K, 97% used [0x0000000773f80000,0x0000000774659ce8,0x0000000774680000)
  to   space 10752K, 0% used [0x0000000773180000,0x0000000773180000,0x0000000773c00000)
 ParOldGen       total 101376K, used 8477K [0x00000006c2200000, 0x00000006c8500000, 0x000000076b600000)
  object space 101376K, 8% used [0x00000006c2200000,0x00000006c2a47740,0x00000006c8500000)
 Metaspace       used 30980K, capacity 32494K, committed 32816K, reserved 1077248K
  class space    used 3988K, capacity 4280K, committed 4400K, reserved 1048576K
Event: 3.714 GC heap after
Heap after GC invocations=6 (full 1):
 PSYoungGen      total 137216K, used 10346K [0x000000076b600000, 0x0000000776c80000, 0x00000007c0000000)
  eden space 126464K, 0% used [0x000000076b600000,0x000000076b600000,0x0000000773180000)
  from space 10752K, 96% used [0x0000000773180000,0x0000000773b9ab38,0x0000000773c00000)
  to   space 11264K, 0% used [0x0000000776180000,0x0000000776180000,0x0000000776c80000)
 ParOldGen       total 101376K, used 8485K [0x00000006c2200000, 0x00000006c8500000, 0x000000076b600000)
  object space 101376K, 8% used [0x00000006c2200000,0x00000006c2a49740,0x00000006c8500000)
 Metaspace       used 30980K, capacity 32494K, committed 32816K, reserved 1077248K
  class space    used 3988K, capacity 4280K, committed 4400K, reserved 1048576K
}
Event: 4.216 GC heap before
{Heap before GC invocations=7 (full 1):
 PSYoungGen      total 137216K, used 97534K [0x000000076b600000, 0x0000000776c80000, 0x00000007c0000000)
  eden space 126464K, 68% used [0x000000076b600000,0x0000000770b24ed8,0x0000000773180000)
  from space 10752K, 96% used [0x0000000773180000,0x0000000773b9ab38,0x0000000773c00000)
  to   space 11264K, 0% used [0x0000000776180000,0x0000000776180000,0x0000000776c80000)
 ParOldGen       total 101376K, used 8485K [0x00000006c2200000, 0x00000006c8500000, 0x000000076b600000)
  object space 101376K, 8% used [0x00000006c2200000,0x00000006c2a49740,0x00000006c8500000)
 Metaspace       used 33683K, capacity 35428K, committed 35496K, reserved 1079296K
  class space    used 4411K, capacity 4745K, committed 4784K, reserved 1048576K
Event: 4.222 GC heap after
Heap after GC invocations=7 (full 1):
 PSYoungGen      total 175616K, used 9279K [0x000000076b600000, 0x0000000778e80000, 0x00000007c0000000)
  eden space 164352K, 0% used [0x000000076b600000,0x000000076b600000,0x0000000775680000)
  from space 11264K, 82% used [0x0000000776180000,0x0000000776a8fdb8,0x0000000776c80000)
  to   space 11264K, 0% used [0x0000000775680000,0x0000000775680000,0x0000000776180000)
 ParOldGen       total 101376K, used 8493K [0x00000006c2200000, 0x00000006c8500000, 0x000000076b600000)
  object space 101376K, 8% used [0x00000006c2200000,0x00000006c2a4b740,0x00000006c8500000)
 Metaspace       used 33683K, capacity 35428K, committed 35496K, reserved 1079296K
  class space    used 4411K, capacity 4745K, committed 4784K, reserved 1048576K
}
Event: 4.222 GC heap before
{Heap before GC invocations=8 (full 2):
 PSYoungGen      total 175616K, used 9279K [0x000000076b600000, 0x0000000778e80000, 0x00000007c0000000)
  eden space 164352K, 0% used [0x000000076b600000,0x000000076b600000,0x0000000775680000)
  from space 11264K, 82% used [0x0000000776180000,0x0000000776a8fdb8,0x0000000776c80000)
  to   space 11264K, 0% used [0x0000000775680000,0x0000000775680000,0x0000000776180000)
 ParOldGen       total 101376K, used 8493K [0x00000006c2200000, 0x00000006c8500000, 0x000000076b600000)
  object space 101376K, 8% used [0x00000006c2200000,0x00000006c2a4b740,0x00000006c8500000)
 Metaspace       used 33683K, capacity 35428K, committed 35496K, reserved 1079296K
  class space    used 4411K, capacity 4745K, committed 4784K, reserved 1048576K
Event: 4.254 GC heap after
Heap after GC invocations=8 (full 2):
 PSYoungGen      total 175616K, used 0K [0x000000076b600000, 0x0000000778e80000, 0x00000007c0000000)
  eden space 164352K, 0% used [0x000000076b600000,0x000000076b600000,0x0000000775680000)
  from space 11264K, 0% used [0x0000000776180000,0x0000000776180000,0x0000000776c80000)
  to   space 11264K, 0% used [0x0000000775680000,0x0000000775680000,0x0000000776180000)
 ParOldGen       total 154112K, used 13728K [0x00000006c2200000, 0x00000006cb880000, 0x000000076b600000)
  object space 154112K, 8% used [0x00000006c2200000,0x00000006c2f682e8,0x00000006cb880000)
 Metaspace       used 33683K, capacity 35428K, committed 35496K, reserved 1079296K
  class space    used 4411K, capacity 4745K, committed 4784K, reserved 1048576K
}

